#
#Copyright (C) 1994-2021 Synopsys, Inc.
#This Synopsys software and all associated documentation are proprietary to Synopsys, Inc.
#and may only be used pursuant to the terms and conditions of a written license agreement
#with Synopsys, Inc. All other use, reproduction, modification, or distribution of the
#Synopsys software or the associated documentation is strictly prohibited.
#Tool: HAPS (R) ProtoCompiler 100
#Build: R-2020.12-SP1-1
#Install: /usr/cadtool/csr5306/synopsys/protocomp/R-2020.12-SP1-1
#OS: CentOS Linux 7 (Core)
#Hostname: ws26

#Database state : /home/m111/m111064559/synopsys_haps/lab/Final/UC_JPEG_DECODER/|sr0
#Synopsys ProtoCompiler Partitioner/Router, Version map202012pcp4, Build 193R, Built Apr  8 2022 21:27:09, @4216327



@S1 AP337 |Connection Model
connection_model DIRECT -modules { \
}
connection_model HSTDM_ERD -modules { \
   HSTDM_ERD_7 7
   HSTDM_ERD_15 15
   HSTDM_ERD_22 22
   HSTDM_ERD_30 30
   HSTDM_ERD_37 37
   HSTDM_ERD_45 45
   HSTDM_ERD_52 52
   HSTDM_ERD_60 60
   HSTDM_ERD_67 67
   HSTDM_ERD_75 75
   HSTDM_ERD_82 82
   HSTDM_ERD_90 90
   HSTDM_ERD_97 97
   HSTDM_ERD_105 105
   HSTDM_ERD_112 112
   HSTDM_ERD_120 120
   HSTDM_ERD_150 150
   HSTDM_ERD_180 180
   HSTDM_ERD_210 210
   HSTDM_ERD_240 240
}
connection_model ACPM -modules { \
   ACPM_2 2
   ACPM_3 3
   ACPM_4 4
   ACPM_5 5
   ACPM_6 6
   ACPM_7 7
   ACPM_8 8
   ACPM_9 9
   ACPM_10 10
   ACPM_11 11
   ACPM_12 12
   ACPM_13 13
   ACPM_14 14
   ACPM_15 15
   ACPM_16 16
   ACPM_17 17
   ACPM_18 18
   ACPM_19 19
   ACPM_20 20
   ACPM_24 24
   ACPM_28 28
   ACPM_32 32
}
connection_model HSTDM -modules { \
   HSTDM_8 8
   HSTDM_16 16
   HSTDM_24 24
   HSTDM_32 32
   HSTDM_40 40
   HSTDM_48 48
   HSTDM_56 56
   HSTDM_64 64
   HSTDM_72 72
   HSTDM_80 80
   HSTDM_88 88
   HSTDM_96 96
   HSTDM_104 104
   HSTDM_112 112
   HSTDM_120 120
   HSTDM_128 128
   HSTDM_160 160
   HSTDM_192 192
   HSTDM_224 224
   HSTDM_256 256
}
connection_model HSTDMSE -modules { \
   HSTDM_8 8
   HSTDM_16 16
   HSTDM_24 24
   HSTDM_32 32
   HSTDM_40 40
   HSTDM_48 48
   HSTDM_56 56
   HSTDM_64 64
   HSTDM_72 72
   HSTDM_80 80
   HSTDM_88 88
   HSTDM_96 96
   HSTDM_104 104
   HSTDM_112 112
   HSTDM_120 120
   HSTDM_128 128
   HSTDM_160 160
   HSTDM_192 192
   HSTDM_224 224
   HSTDM_256 256
}
connection_model HSTDMSE_ERD -modules { \
   HSTDM_ERD_7 7
   HSTDM_ERD_15 15
   HSTDM_ERD_22 22
   HSTDM_ERD_30 30
   HSTDM_ERD_37 37
   HSTDM_ERD_45 45
   HSTDM_ERD_52 52
   HSTDM_ERD_60 60
   HSTDM_ERD_67 67
   HSTDM_ERD_75 75
   HSTDM_ERD_82 82
   HSTDM_ERD_90 90
   HSTDM_ERD_97 97
   HSTDM_ERD_105 105
   HSTDM_ERD_112 112
   HSTDM_ERD_120 120
   HSTDM_ERD_150 150
   HSTDM_ERD_180 180
   HSTDM_ERD_210 210
   HSTDM_ERD_240 240
}
connection_model MGTDM_Y -modules { \
   HSTDM_MGT_64 64
   HSTDM_MGT_128 128
   HSTDM_MGT_256 256
   HSTDM_MGT_512 512
   HSTDM_MGT_1024 1024
}
connection_model MGTDM -modules { \
   HSTDM_ERD_MGT_256 256
   HSTDM_ERD_MGT_512 512
   HSTDM_ERD_MGT_1024 1024
}

@S2 AP248 |Feedthrough Insertion and Net Splitting

modify_net -disconnect rst_i -connect rst_i -to FPGA FB1.uB -routing_tree_level 2
reset_synchronize -net {rst_i} -sync_ff {aptn_reset_sync_rst_i} -pipeline_stages 5 -extra_pipeline_stages 2 -init 0 -bins {FB1.uA:5 FB1.uB:4} -no_of_regs {FB1.uA:6 FB1.uB:4 }

@S3 AP345 |Net and Global Routing Information
@N: AP305 |This section contains information only for nets that are external to FPGAs

@S3.1 AP346 |Routed Nets

net_attribute -tdm_qualified 0 outport_height_o[15]
global_route outport_height_o[15] -slack_pre_tdm 43 -slack_post_tdm 38 \
   -from FB1.uB -to {TOP_IO_HT3_FB1_B5} -using TOP_IO_HT3_FB1_B5 -tdm DIRECT

net_attribute -tdm_qualified 0 outport_height_o[14]
global_route outport_height_o[14] -slack_pre_tdm 43 -slack_post_tdm 38 \
   -from FB1.uB -to {TOP_IO_HT3_FB1_B5} -using TOP_IO_HT3_FB1_B5 -tdm DIRECT

net_attribute -tdm_qualified 0 outport_height_o[8]
global_route outport_height_o[8] -slack_pre_tdm 43 -slack_post_tdm 38 \
   -from FB1.uB -to {TOP_IO_HT3_FB1_B5} -using TOP_IO_HT3_FB1_B5 -tdm DIRECT

net_attribute -tdm_qualified 0 outport_height_o[4]
global_route outport_height_o[4] -slack_pre_tdm 43 -slack_post_tdm 38 \
   -from FB1.uB -to {TOP_IO_HT3_FB1_B5} -using TOP_IO_HT3_FB1_B5 -tdm DIRECT

net_attribute -tdm_qualified 0 outport_height_o[3]
global_route outport_height_o[3] -slack_pre_tdm 43 -slack_post_tdm 38 \
   -from FB1.uB -to {TOP_IO_HT3_FB1_B5} -using TOP_IO_HT3_FB1_B5 -tdm DIRECT

net_attribute -tdm_qualified 0 outport_height_o[11]
global_route outport_height_o[11] -slack_pre_tdm 43 -slack_post_tdm 38 \
   -from FB1.uB -to {TOP_IO_HT3_FB1_B5} -using TOP_IO_HT3_FB1_B5 -tdm DIRECT

net_attribute -tdm_qualified 0 outport_height_o[1]
global_route outport_height_o[1] -slack_pre_tdm 43 -slack_post_tdm 38 \
   -from FB1.uB -to {TOP_IO_HT3_FB1_B5} -using TOP_IO_HT3_FB1_B5 -tdm DIRECT

net_attribute -tdm_qualified 0 outport_width_o[13]
global_route outport_width_o[13] -slack_pre_tdm 43 -slack_post_tdm 38 \
   -from FB1.uB -to {TOP_IO_HT3_FB1_B5} -using TOP_IO_HT3_FB1_B5 -tdm DIRECT

net_attribute -tdm_qualified 0 outport_width_o[12]
global_route outport_width_o[12] -slack_pre_tdm 43 -slack_post_tdm 38 \
   -from FB1.uB -to {TOP_IO_HT3_FB1_B5} -using TOP_IO_HT3_FB1_B5 -tdm DIRECT

net_attribute -tdm_qualified 0 outport_width_o[10]
global_route outport_width_o[10] -slack_pre_tdm 43 -slack_post_tdm 38 \
   -from FB1.uB -to {TOP_IO_HT3_FB1_B5} -using TOP_IO_HT3_FB1_B5 -tdm DIRECT

net_attribute -tdm_qualified 0 outport_width_o[5]
global_route outport_width_o[5] -slack_pre_tdm 43 -slack_post_tdm 38 \
   -from FB1.uB -to {TOP_IO_HT3_FB1_B5} -using TOP_IO_HT3_FB1_B5 -tdm DIRECT

net_attribute -tdm_qualified 0 outport_width_o[3]
global_route outport_width_o[3] -slack_pre_tdm 43 -slack_post_tdm 38 \
   -from FB1.uB -to {TOP_IO_HT3_FB1_B5} -using TOP_IO_HT3_FB1_B5 -tdm DIRECT

net_attribute -tdm_qualified 0 outport_width_o[14]
global_route outport_width_o[14] -slack_pre_tdm 43 -slack_post_tdm 38 \
   -from FB1.uB -to {TOP_IO_HT3_FB1_B5} -using TOP_IO_HT3_FB1_B5 -tdm DIRECT

net_attribute -tdm_qualified 0 inport_accept_o
global_route inport_accept_o -slack_pre_tdm 40 -slack_post_tdm 30 \
   -from FB1.uB -to {TOP_IO_HT3_FB1_B5} -using TOP_IO_HT3_FB1_B5 -tdm DIRECT

net_attribute -tdm_qualified 0 inport_strb_i[3]
global_route inport_strb_i[3] -slack_pre_tdm 41 -slack_post_tdm 31 \
   -from TOP_IO_HT3_FB1_B5 -to {FB1.uB} -using TOP_IO_HT3_FB1_B5 -tdm DIRECT

net_attribute -tdm_qualified 0 inport_strb_i[2]
global_route inport_strb_i[2] -slack_pre_tdm 41 -slack_post_tdm 31 \
   -from TOP_IO_HT3_FB1_B7 -to {FB1.uB} -using TOP_IO_HT3_FB1_B7 -tdm DIRECT

net_attribute -tdm_qualified 0 outport_width_o[9]
global_route outport_width_o[9] -slack_pre_tdm 43 -slack_post_tdm 38 \
   -from FB1.uB -to {TOP_IO_HT3_FB1_B5} -using TOP_IO_HT3_FB1_B5 -tdm DIRECT

net_attribute -tdm_qualified 0 inport_strb_i[0]
global_route inport_strb_i[0] -slack_pre_tdm 41 -slack_post_tdm 31 \
   -from TOP_IO_HT3_FB1_B7 -to {FB1.uB} -using TOP_IO_HT3_FB1_B7 -tdm DIRECT

net_attribute -tdm_qualified 0 outport_width_o[1]
global_route outport_width_o[1] -slack_pre_tdm 43 -slack_post_tdm 38 \
   -from FB1.uB -to {TOP_IO_HT3_FB1_B5} -using TOP_IO_HT3_FB1_B5 -tdm DIRECT

net_attribute -tdm_qualified 0 inport_data_i[31]
global_route inport_data_i[31] -slack_pre_tdm 41 -slack_post_tdm 31 \
   -from TOP_IO_HT3_FB1_B7 -to {FB1.uB} -using TOP_IO_HT3_FB1_B7 -tdm DIRECT

net_attribute -tdm_qualified 0 inport_data_i[30]
global_route inport_data_i[30] -slack_pre_tdm 41 -slack_post_tdm 31 \
   -from TOP_IO_HT3_FB1_B6 -to {FB1.uB} -using TOP_IO_HT3_FB1_B6 -tdm DIRECT

net_attribute -tdm_qualified 0 inport_data_i[29]
global_route inport_data_i[29] -slack_pre_tdm 41 -slack_post_tdm 31 \
   -from TOP_IO_HT3_FB1_B5 -to {FB1.uB} -using TOP_IO_HT3_FB1_B5 -tdm DIRECT

net_attribute -tdm_qualified 0 outport_height_o[10]
global_route outport_height_o[10] -slack_pre_tdm 43 -slack_post_tdm 38 \
   -from FB1.uB -to {TOP_IO_HT3_FB1_B5} -using TOP_IO_HT3_FB1_B5 -tdm DIRECT

net_attribute -tdm_qualified 0 inport_data_i[28]
global_route inport_data_i[28] -slack_pre_tdm 41 -slack_post_tdm 31 \
   -from TOP_IO_HT3_FB1_B7 -to {FB1.uB} -using TOP_IO_HT3_FB1_B7 -tdm DIRECT

net_attribute -tdm_qualified 0 inport_data_i[25]
global_route inport_data_i[25] -slack_pre_tdm 41 -slack_post_tdm 31 \
   -from TOP_IO_HT3_FB1_B7 -to {FB1.uB} -using TOP_IO_HT3_FB1_B7 -tdm DIRECT

net_attribute -tdm_qualified 0 outport_height_o[2]
global_route outport_height_o[2] -slack_pre_tdm 43 -slack_post_tdm 38 \
   -from FB1.uB -to {TOP_IO_HT3_FB1_B5} -using TOP_IO_HT3_FB1_B5 -tdm DIRECT

net_attribute -tdm_qualified 0 inport_data_i[23]
global_route inport_data_i[23] -slack_pre_tdm 41 -slack_post_tdm 31 \
   -from TOP_IO_HT3_FB1_B6 -to {FB1.uB} -using TOP_IO_HT3_FB1_B6 -tdm DIRECT

net_attribute -tdm_qualified 0 inport_data_i[22]
global_route inport_data_i[22] -slack_pre_tdm 41 -slack_post_tdm 31 \
   -from TOP_IO_HT3_FB1_B5 -to {FB1.uB} -using TOP_IO_HT3_FB1_B5 -tdm DIRECT

net_attribute -tdm_qualified 0 inport_data_i[21]
global_route inport_data_i[21] -slack_pre_tdm 41 -slack_post_tdm 31 \
   -from TOP_IO_HT3_FB1_B5 -to {FB1.uB} -using TOP_IO_HT3_FB1_B5 -tdm DIRECT

net_attribute -tdm_qualified 0 inport_data_i[20]
global_route inport_data_i[20] -slack_pre_tdm 41 -slack_post_tdm 31 \
   -from TOP_IO_HT3_FB1_B6 -to {FB1.uB} -using TOP_IO_HT3_FB1_B6 -tdm DIRECT

net_attribute -tdm_qualified 0 inport_data_i[26]
global_route inport_data_i[26] -slack_pre_tdm 41 -slack_post_tdm 31 \
   -from TOP_IO_HT3_FB1_B6 -to {FB1.uB} -using TOP_IO_HT3_FB1_B6 -tdm DIRECT

net_attribute -tdm_qualified 0 inport_data_i[18]
global_route inport_data_i[18] -slack_pre_tdm 41 -slack_post_tdm 31 \
   -from TOP_IO_HT3_FB1_B5 -to {FB1.uB} -using TOP_IO_HT3_FB1_B5 -tdm DIRECT

net_attribute -tdm_qualified 0 inport_data_i[27]
global_route inport_data_i[27] -slack_pre_tdm 41 -slack_post_tdm 31 \
   -from TOP_IO_HT3_FB1_B5 -to {FB1.uB} -using TOP_IO_HT3_FB1_B5 -tdm DIRECT

net_attribute -tdm_qualified 0 inport_data_i[17]
global_route inport_data_i[17] -slack_pre_tdm 41 -slack_post_tdm 31 \
   -from TOP_IO_HT3_FB1_B7 -to {FB1.uB} -using TOP_IO_HT3_FB1_B7 -tdm DIRECT

net_attribute -tdm_qualified 0 outport_height_o[6]
global_route outport_height_o[6] -slack_pre_tdm 43 -slack_post_tdm 38 \
   -from FB1.uB -to {TOP_IO_HT3_FB1_B5} -using TOP_IO_HT3_FB1_B5 -tdm DIRECT

net_attribute -tdm_qualified 0 inport_data_i[16]
global_route inport_data_i[16] -slack_pre_tdm 41 -slack_post_tdm 31 \
   -from TOP_IO_HT3_FB1_B5 -to {FB1.uB} -using TOP_IO_HT3_FB1_B5 -tdm DIRECT

net_attribute -tdm_qualified 0 inport_data_i[15]
global_route inport_data_i[15] -slack_pre_tdm 41 -slack_post_tdm 31 \
   -from TOP_IO_HT3_FB1_B7 -to {FB1.uB} -using TOP_IO_HT3_FB1_B7 -tdm DIRECT

net_attribute -tdm_qualified 0 inport_data_i[14]
global_route inport_data_i[14] -slack_pre_tdm 41 -slack_post_tdm 31 \
   -from TOP_IO_HT3_FB1_B7 -to {FB1.uB} -using TOP_IO_HT3_FB1_B7 -tdm DIRECT

net_attribute -tdm_qualified 0 inport_data_i[12]
global_route inport_data_i[12] -slack_pre_tdm 41 -slack_post_tdm 31 \
   -from TOP_IO_HT3_FB1_B7 -to {FB1.uB} -using TOP_IO_HT3_FB1_B7 -tdm DIRECT

net_attribute -tdm_qualified 0 inport_data_i[13]
global_route inport_data_i[13] -slack_pre_tdm 41 -slack_post_tdm 31 \
   -from TOP_IO_HT3_FB1_B6 -to {FB1.uB} -using TOP_IO_HT3_FB1_B6 -tdm DIRECT

net_attribute -tdm_qualified 0 inport_data_i[11]
global_route inport_data_i[11] -slack_pre_tdm 41 -slack_post_tdm 31 \
   -from TOP_IO_HT3_FB1_B6 -to {FB1.uB} -using TOP_IO_HT3_FB1_B6 -tdm DIRECT

net_attribute -tdm_qualified 0 outport_height_o[5]
global_route outport_height_o[5] -slack_pre_tdm 43 -slack_post_tdm 38 \
   -from FB1.uB -to {TOP_IO_HT3_FB1_B5} -using TOP_IO_HT3_FB1_B5 -tdm DIRECT

net_attribute -tdm_qualified 0 inport_data_i[10]
global_route inport_data_i[10] -slack_pre_tdm 41 -slack_post_tdm 31 \
   -from TOP_IO_HT3_FB1_B7 -to {FB1.uB} -using TOP_IO_HT3_FB1_B7 -tdm DIRECT

net_attribute -tdm_qualified 0 inport_last_i
global_route inport_last_i -slack_pre_tdm 43 -slack_post_tdm 33 \
   -from TOP_IO_HT3_FB1_B7 -to {FB1.uB} -using TOP_IO_HT3_FB1_B7 -tdm DIRECT

net_attribute -tdm_qualified 0 inport_data_i[8]
global_route inport_data_i[8] -slack_pre_tdm 41 -slack_post_tdm 31 \
   -from TOP_IO_HT3_FB1_B5 -to {FB1.uB} -using TOP_IO_HT3_FB1_B5 -tdm DIRECT

net_attribute -tdm_qualified 0 inport_data_i[7]
global_route inport_data_i[7] -slack_pre_tdm 41 -slack_post_tdm 31 \
   -from TOP_IO_HT3_FB1_B6 -to {FB1.uB} -using TOP_IO_HT3_FB1_B6 -tdm DIRECT

net_attribute -tdm_qualified 0 inport_data_i[19]
global_route inport_data_i[19] -slack_pre_tdm 41 -slack_post_tdm 31 \
   -from TOP_IO_HT3_FB1_B6 -to {FB1.uB} -using TOP_IO_HT3_FB1_B6 -tdm DIRECT

net_attribute -tdm_qualified 0 inport_data_i[6]
global_route inport_data_i[6] -slack_pre_tdm 41 -slack_post_tdm 31 \
   -from TOP_IO_HT3_FB1_B7 -to {FB1.uB} -using TOP_IO_HT3_FB1_B7 -tdm DIRECT

net_attribute -tdm_qualified 0 inport_data_i[3]
global_route inport_data_i[3] -slack_pre_tdm 41 -slack_post_tdm 31 \
   -from TOP_IO_HT3_FB1_B7 -to {FB1.uB} -using TOP_IO_HT3_FB1_B7 -tdm DIRECT

net_attribute -tdm_qualified 0 inport_data_i[1]
global_route inport_data_i[1] -slack_pre_tdm 41 -slack_post_tdm 31 \
   -from TOP_IO_HT3_FB1_B5 -to {FB1.uB} -using TOP_IO_HT3_FB1_B5 -tdm DIRECT

net_attribute -tdm_qualified 0 inport_valid_i
global_route inport_valid_i -slack_pre_tdm 43 -slack_post_tdm 38 \
   -from TOP_IO_HT3_FB1_B7 -to {FB1.uB} -using TOP_IO_HT3_FB1_B7 -tdm DIRECT

net_attribute -tdm_qualified 0 outport_accept_i
global_route outport_accept_i -slack_pre_tdm 41 -slack_post_tdm 36 \
   -from TOP_IO_HT3_FB1_B5 -to {FB1.uB} -using TOP_IO_HT3_FB1_B5 -tdm DIRECT

net_attribute -tdm_qualified 0 outport_width_o[11]
global_route outport_width_o[11] -slack_pre_tdm 43 -slack_post_tdm 38 \
   -from FB1.uB -to {TOP_IO_HT3_FB1_B5} -using TOP_IO_HT3_FB1_B5 -tdm DIRECT

net_attribute -tdm_qualified 0 outport_width_o[2]
global_route outport_width_o[2] -slack_pre_tdm 43 -slack_post_tdm 38 \
   -from FB1.uB -to {TOP_IO_HT3_FB1_B5} -using TOP_IO_HT3_FB1_B5 -tdm DIRECT

net_attribute -tdm_qualified 0 outport_width_o[6]
global_route outport_width_o[6] -slack_pre_tdm 43 -slack_post_tdm 38 \
   -from FB1.uB -to {TOP_IO_HT3_FB1_B5} -using TOP_IO_HT3_FB1_B5 -tdm DIRECT

net_attribute -tdm_qualified 0 outport_pixel_x_o[14]
global_route outport_pixel_x_o[14] -slack_pre_tdm 43 -slack_post_tdm 38 \
   -from FB1.uB -to {TOP_IO_HT3_FB1_B6} -using TOP_IO_HT3_FB1_B6 -tdm DIRECT

net_attribute -tdm_qualified 0 outport_height_o[12]
global_route outport_height_o[12] -slack_pre_tdm 43 -slack_post_tdm 38 \
   -from FB1.uB -to {TOP_IO_HT3_FB1_B5} -using TOP_IO_HT3_FB1_B5 -tdm DIRECT

net_attribute -tdm_qualified 0 outport_pixel_x_o[12]
global_route outport_pixel_x_o[12] -slack_pre_tdm 43 -slack_post_tdm 38 \
   -from FB1.uB -to {TOP_IO_HT3_FB1_B6} -using TOP_IO_HT3_FB1_B6 -tdm DIRECT

net_attribute -tdm_qualified 0 inport_data_i[0]
global_route inport_data_i[0] -slack_pre_tdm 41 -slack_post_tdm 31 \
   -from TOP_IO_HT3_FB1_B7 -to {FB1.uB} -using TOP_IO_HT3_FB1_B7 -tdm DIRECT

net_attribute -tdm_qualified 0 outport_pixel_x_o[4]
global_route outport_pixel_x_o[4] -slack_pre_tdm 43 -slack_post_tdm 38 \
   -from FB1.uB -to {TOP_IO_HT3_FB1_B5} -using TOP_IO_HT3_FB1_B5 -tdm DIRECT

net_attribute -tdm_qualified 0 outport_width_o[0]
global_route outport_width_o[0] -slack_pre_tdm 43 -slack_post_tdm 38 \
   -from FB1.uB -to {TOP_IO_HT3_FB1_B5} -using TOP_IO_HT3_FB1_B5 -tdm DIRECT

net_attribute -tdm_qualified 0 outport_pixel_x_o[0]
global_route outport_pixel_x_o[0] -slack_pre_tdm 43 -slack_post_tdm 38 \
   -from FB1.uB -to {TOP_IO_HT3_FB1_B5} -using TOP_IO_HT3_FB1_B5 -tdm DIRECT

net_attribute -tdm_qualified 0 outport_pixel_y_o[15]
global_route outport_pixel_y_o[15] -slack_pre_tdm 43 -slack_post_tdm 38 \
   -from FB1.uB -to {TOP_IO_HT3_FB1_B6} -using TOP_IO_HT3_FB1_B6 -tdm DIRECT

net_attribute -tdm_qualified 0 outport_pixel_y_o[13]
global_route outport_pixel_y_o[13] -slack_pre_tdm 43 -slack_post_tdm 38 \
   -from FB1.uB -to {TOP_IO_HT3_FB1_B6} -using TOP_IO_HT3_FB1_B6 -tdm DIRECT

net_attribute -tdm_qualified 0 outport_pixel_y_o[11]
global_route outport_pixel_y_o[11] -slack_pre_tdm 43 -slack_post_tdm 38 \
   -from FB1.uB -to {TOP_IO_HT3_FB1_B6} -using TOP_IO_HT3_FB1_B6 -tdm DIRECT

net_attribute -tdm_qualified 0 outport_pixel_x_o[7]
global_route outport_pixel_x_o[7] -slack_pre_tdm 43 -slack_post_tdm 38 \
   -from FB1.uB -to {TOP_IO_HT3_FB1_B6} -using TOP_IO_HT3_FB1_B6 -tdm DIRECT

net_attribute -tdm_qualified 0 outport_pixel_y_o[10]
global_route outport_pixel_y_o[10] -slack_pre_tdm 43 -slack_post_tdm 38 \
   -from FB1.uB -to {TOP_IO_HT3_FB1_B6} -using TOP_IO_HT3_FB1_B6 -tdm DIRECT

net_attribute -tdm_qualified 0 outport_pixel_y_o[7]
global_route outport_pixel_y_o[7] -slack_pre_tdm 43 -slack_post_tdm 38 \
   -from FB1.uB -to {TOP_IO_HT3_FB1_B6} -using TOP_IO_HT3_FB1_B6 -tdm DIRECT

net_attribute -tdm_qualified 0 outport_pixel_y_o[6]
global_route outport_pixel_y_o[6] -slack_pre_tdm 43 -slack_post_tdm 38 \
   -from FB1.uB -to {TOP_IO_HT3_FB1_B6} -using TOP_IO_HT3_FB1_B6 -tdm DIRECT

net_attribute -tdm_qualified 0 outport_pixel_x_o[9]
global_route outport_pixel_x_o[9] -slack_pre_tdm 43 -slack_post_tdm 38 \
   -from FB1.uB -to {TOP_IO_HT3_FB1_B6} -using TOP_IO_HT3_FB1_B6 -tdm DIRECT

net_attribute -tdm_qualified 0 outport_height_o[9]
global_route outport_height_o[9] -slack_pre_tdm 43 -slack_post_tdm 38 \
   -from FB1.uB -to {TOP_IO_HT3_FB1_B5} -using TOP_IO_HT3_FB1_B5 -tdm DIRECT

net_attribute -tdm_qualified 0 outport_height_o[13]
global_route outport_height_o[13] -slack_pre_tdm 43 -slack_post_tdm 38 \
   -from FB1.uB -to {TOP_IO_HT3_FB1_B5} -using TOP_IO_HT3_FB1_B5 -tdm DIRECT

net_attribute -tdm_qualified 0 outport_pixel_x_o[15]
global_route outport_pixel_x_o[15] -slack_pre_tdm 43 -slack_post_tdm 38 \
   -from FB1.uB -to {TOP_IO_HT3_FB1_B6} -using TOP_IO_HT3_FB1_B6 -tdm DIRECT

net_attribute -tdm_qualified 0 outport_pixel_y_o[3]
global_route outport_pixel_y_o[3] -slack_pre_tdm 43 -slack_post_tdm 38 \
   -from FB1.uB -to {TOP_IO_HT3_FB1_B6} -using TOP_IO_HT3_FB1_B6 -tdm DIRECT

net_attribute -tdm_qualified 0 inport_data_i[9]
global_route inport_data_i[9] -slack_pre_tdm 41 -slack_post_tdm 31 \
   -from TOP_IO_HT3_FB1_B7 -to {FB1.uB} -using TOP_IO_HT3_FB1_B7 -tdm DIRECT

net_attribute -tdm_qualified 0 outport_pixel_y_o[1]
global_route outport_pixel_y_o[1] -slack_pre_tdm 43 -slack_post_tdm 38 \
   -from FB1.uB -to {TOP_IO_HT3_FB1_B6} -using TOP_IO_HT3_FB1_B6 -tdm DIRECT

net_attribute -tdm_qualified 0 outport_pixel_r_o[3]
global_route outport_pixel_r_o[3] -slack_pre_tdm 43 -slack_post_tdm 38 \
   -from FB1.uB -to {TOP_IO_HT3_FB1_B6} -using TOP_IO_HT3_FB1_B6 -tdm DIRECT

net_attribute -tdm_qualified 0 outport_pixel_r_o[0]
global_route outport_pixel_r_o[0] -slack_pre_tdm 43 -slack_post_tdm 38 \
   -from FB1.uB -to {TOP_IO_HT3_FB1_B6} -using TOP_IO_HT3_FB1_B6 -tdm DIRECT

net_attribute -tdm_qualified 0 outport_width_o[15]
global_route outport_width_o[15] -slack_pre_tdm 43 -slack_post_tdm 38 \
   -from FB1.uB -to {TOP_IO_HT3_FB1_B5} -using TOP_IO_HT3_FB1_B5 -tdm DIRECT

net_attribute -tdm_qualified 0 outport_valid_o
global_route outport_valid_o -slack_pre_tdm 43 -slack_post_tdm 38 \
   -from FB1.uB -to {TOP_IO_HT3_FB1_B5} -using TOP_IO_HT3_FB1_B5 -tdm DIRECT

net_attribute -tdm_qualified 0 inport_data_i[2]
global_route inport_data_i[2] -slack_pre_tdm 41 -slack_post_tdm 31 \
   -from TOP_IO_HT3_FB1_B7 -to {FB1.uB} -using TOP_IO_HT3_FB1_B7 -tdm DIRECT

net_attribute -tdm_qualified 0 outport_pixel_r_o[5]
global_route outport_pixel_r_o[5] -slack_pre_tdm 43 -slack_post_tdm 38 \
   -from FB1.uB -to {TOP_IO_HT3_FB1_B6} -using TOP_IO_HT3_FB1_B6 -tdm DIRECT

net_attribute -tdm_qualified 0 outport_pixel_y_o[12]
global_route outport_pixel_y_o[12] -slack_pre_tdm 43 -slack_post_tdm 38 \
   -from FB1.uB -to {TOP_IO_HT3_FB1_B6} -using TOP_IO_HT3_FB1_B6 -tdm DIRECT

net_attribute -tdm_qualified 0 outport_height_o[7]
global_route outport_height_o[7] -slack_pre_tdm 43 -slack_post_tdm 38 \
   -from FB1.uB -to {TOP_IO_HT3_FB1_B5} -using TOP_IO_HT3_FB1_B5 -tdm DIRECT

net_attribute -tdm_qualified 0 outport_pixel_b_o[7]
global_route outport_pixel_b_o[7] -slack_pre_tdm 43 -slack_post_tdm 38 \
   -from FB1.uB -to {TOP_IO_HT3_FB1_B7} -using TOP_IO_HT3_FB1_B7 -tdm DIRECT

net_attribute -tdm_qualified 0 outport_pixel_b_o[6]
global_route outport_pixel_b_o[6] -slack_pre_tdm 43 -slack_post_tdm 38 \
   -from FB1.uB -to {TOP_IO_HT3_FB1_B7} -using TOP_IO_HT3_FB1_B7 -tdm DIRECT

net_attribute -tdm_qualified 0 outport_pixel_x_o[1]
global_route outport_pixel_x_o[1] -slack_pre_tdm 43 -slack_post_tdm 38 \
   -from FB1.uB -to {TOP_IO_HT3_FB1_B5} -using TOP_IO_HT3_FB1_B5 -tdm DIRECT

net_attribute -tdm_qualified 0 outport_pixel_y_o[4]
global_route outport_pixel_y_o[4] -slack_pre_tdm 43 -slack_post_tdm 38 \
   -from FB1.uB -to {TOP_IO_HT3_FB1_B6} -using TOP_IO_HT3_FB1_B6 -tdm DIRECT

net_attribute -tdm_qualified 0 outport_pixel_r_o[1]
global_route outport_pixel_r_o[1] -slack_pre_tdm 43 -slack_post_tdm 38 \
   -from FB1.uB -to {TOP_IO_HT3_FB1_B6} -using TOP_IO_HT3_FB1_B6 -tdm DIRECT

net_attribute -tdm_qualified 0 outport_pixel_y_o[9]
global_route outport_pixel_y_o[9] -slack_pre_tdm 43 -slack_post_tdm 38 \
   -from FB1.uB -to {TOP_IO_HT3_FB1_B6} -using TOP_IO_HT3_FB1_B6 -tdm DIRECT

net_attribute -tdm_qualified 0 outport_pixel_x_o[6]
global_route outport_pixel_x_o[6] -slack_pre_tdm 43 -slack_post_tdm 38 \
   -from FB1.uB -to {TOP_IO_HT3_FB1_B6} -using TOP_IO_HT3_FB1_B6 -tdm DIRECT

net_attribute -tdm_qualified 0 outport_pixel_y_o[8]
global_route outport_pixel_y_o[8] -slack_pre_tdm 43 -slack_post_tdm 38 \
   -from FB1.uB -to {TOP_IO_HT3_FB1_B6} -using TOP_IO_HT3_FB1_B6 -tdm DIRECT

net_attribute -tdm_qualified 0 outport_pixel_b_o[5]
global_route outport_pixel_b_o[5] -slack_pre_tdm 43 -slack_post_tdm 38 \
   -from FB1.uB -to {TOP_IO_HT3_FB1_B7} -using TOP_IO_HT3_FB1_B7 -tdm DIRECT

net_attribute -tdm_qualified 0 outport_width_o[4]
global_route outport_width_o[4] -slack_pre_tdm 43 -slack_post_tdm 38 \
   -from FB1.uB -to {TOP_IO_HT3_FB1_B5} -using TOP_IO_HT3_FB1_B5 -tdm DIRECT

net_attribute -tdm_qualified 0 inport_strb_i[1]
global_route inport_strb_i[1] -slack_pre_tdm 41 -slack_post_tdm 31 \
   -from TOP_IO_HT3_FB1_B5 -to {FB1.uB} -using TOP_IO_HT3_FB1_B5 -tdm DIRECT

net_attribute -tdm_qualified 0 idle_o
global_route idle_o -slack_pre_tdm 43 -slack_post_tdm 38 \
   -from FB1.uB -to {TOP_IO_HT3_FB1_B7} -using TOP_IO_HT3_FB1_B7 -tdm DIRECT

net_attribute -tdm_qualified 0 outport_pixel_b_o[4]
global_route outport_pixel_b_o[4] -slack_pre_tdm 43 -slack_post_tdm 38 \
   -from FB1.uB -to {TOP_IO_HT3_FB1_B7} -using TOP_IO_HT3_FB1_B7 -tdm DIRECT

net_attribute -tdm_qualified 0 outport_pixel_x_o[11]
global_route outport_pixel_x_o[11] -slack_pre_tdm 43 -slack_post_tdm 38 \
   -from FB1.uB -to {TOP_IO_HT3_FB1_B6} -using TOP_IO_HT3_FB1_B6 -tdm DIRECT

net_attribute -tdm_qualified 0 outport_pixel_b_o[3]
global_route outport_pixel_b_o[3] -slack_pre_tdm 43 -slack_post_tdm 38 \
   -from FB1.uB -to {TOP_IO_HT3_FB1_B7} -using TOP_IO_HT3_FB1_B7 -tdm DIRECT

net_attribute -tdm_qualified 0 outport_width_o[8]
global_route outport_width_o[8] -slack_pre_tdm 43 -slack_post_tdm 38 \
   -from FB1.uB -to {TOP_IO_HT3_FB1_B5} -using TOP_IO_HT3_FB1_B5 -tdm DIRECT

net_attribute -tdm_qualified 0 outport_pixel_x_o[2]
global_route outport_pixel_x_o[2] -slack_pre_tdm 43 -slack_post_tdm 38 \
   -from FB1.uB -to {TOP_IO_HT3_FB1_B5} -using TOP_IO_HT3_FB1_B5 -tdm DIRECT

net_attribute -tdm_qualified 0 outport_pixel_b_o[2]
global_route outport_pixel_b_o[2] -slack_pre_tdm 43 -slack_post_tdm 38 \
   -from FB1.uB -to {TOP_IO_HT3_FB1_B7} -using TOP_IO_HT3_FB1_B7 -tdm DIRECT

net_attribute -tdm_qualified 0 outport_pixel_r_o[2]
global_route outport_pixel_r_o[2] -slack_pre_tdm 43 -slack_post_tdm 38 \
   -from FB1.uB -to {TOP_IO_HT3_FB1_B6} -using TOP_IO_HT3_FB1_B6 -tdm DIRECT

net_attribute -tdm_qualified 0 outport_pixel_b_o[0]
global_route outport_pixel_b_o[0] -slack_pre_tdm 43 -slack_post_tdm 38 \
   -from FB1.uB -to {TOP_IO_HT3_FB1_B7} -using TOP_IO_HT3_FB1_B7 -tdm DIRECT

net_attribute -tdm_qualified 0 outport_pixel_r_o[7]
global_route outport_pixel_r_o[7] -slack_pre_tdm 43 -slack_post_tdm 38 \
   -from FB1.uB -to {TOP_IO_HT3_FB1_B6} -using TOP_IO_HT3_FB1_B6 -tdm DIRECT

net_attribute -tdm_qualified 0 outport_pixel_y_o[0]
global_route outport_pixel_y_o[0] -slack_pre_tdm 43 -slack_post_tdm 38 \
   -from FB1.uB -to {TOP_IO_HT3_FB1_B6} -using TOP_IO_HT3_FB1_B6 -tdm DIRECT

net_attribute -tdm_qualified 0 outport_height_o[0]
global_route outport_height_o[0] -slack_pre_tdm 43 -slack_post_tdm 38 \
   -from FB1.uB -to {TOP_IO_HT3_FB1_B5} -using TOP_IO_HT3_FB1_B5 -tdm DIRECT

net_attribute -tdm_qualified 0 outport_pixel_g_o[5]
global_route outport_pixel_g_o[5] -slack_pre_tdm 43 -slack_post_tdm 38 \
   -from FB1.uB -to {TOP_IO_HT3_FB1_B6} -using TOP_IO_HT3_FB1_B6 -tdm DIRECT

net_attribute -tdm_qualified 0 outport_pixel_b_o[1]
global_route outport_pixel_b_o[1] -slack_pre_tdm 43 -slack_post_tdm 38 \
   -from FB1.uB -to {TOP_IO_HT3_FB1_B7} -using TOP_IO_HT3_FB1_B7 -tdm DIRECT

net_attribute -tdm_qualified 0 outport_pixel_g_o[7]
global_route outport_pixel_g_o[7] -slack_pre_tdm 43 -slack_post_tdm 38 \
   -from FB1.uB -to {TOP_IO_HT3_FB1_B7} -using TOP_IO_HT3_FB1_B7 -tdm DIRECT

net_attribute -tdm_qualified 0 outport_pixel_g_o[6]
global_route outport_pixel_g_o[6] -slack_pre_tdm 43 -slack_post_tdm 38 \
   -from FB1.uB -to {TOP_IO_HT3_FB1_B7} -using TOP_IO_HT3_FB1_B7 -tdm DIRECT

net_attribute -tdm_qualified 0 inport_data_i[5]
global_route inport_data_i[5] -slack_pre_tdm 41 -slack_post_tdm 31 \
   -from TOP_IO_HT3_FB1_B5 -to {FB1.uB} -using TOP_IO_HT3_FB1_B5 -tdm DIRECT

net_attribute -tdm_qualified 0 outport_pixel_x_o[3]
global_route outport_pixel_x_o[3] -slack_pre_tdm 43 -slack_post_tdm 38 \
   -from FB1.uB -to {TOP_IO_HT3_FB1_B5} -using TOP_IO_HT3_FB1_B5 -tdm DIRECT

net_attribute -tdm_qualified 0 outport_pixel_g_o[4]
global_route outport_pixel_g_o[4] -slack_pre_tdm 43 -slack_post_tdm 38 \
   -from FB1.uB -to {TOP_IO_HT3_FB1_B6} -using TOP_IO_HT3_FB1_B6 -tdm DIRECT

net_attribute -tdm_qualified 0 outport_pixel_g_o[2]
global_route outport_pixel_g_o[2] -slack_pre_tdm 43 -slack_post_tdm 38 \
   -from FB1.uB -to {TOP_IO_HT3_FB1_B6} -using TOP_IO_HT3_FB1_B6 -tdm DIRECT

net_attribute -tdm_qualified 0 outport_pixel_g_o[3]
global_route outport_pixel_g_o[3] -slack_pre_tdm 43 -slack_post_tdm 38 \
   -from FB1.uB -to {TOP_IO_HT3_FB1_B6} -using TOP_IO_HT3_FB1_B6 -tdm DIRECT

net_attribute -tdm_qualified 0 inport_data_i[24]
global_route inport_data_i[24] -slack_pre_tdm 41 -slack_post_tdm 31 \
   -from TOP_IO_HT3_FB1_B7 -to {FB1.uB} -using TOP_IO_HT3_FB1_B7 -tdm DIRECT

net_attribute -tdm_qualified 0 outport_pixel_y_o[5]
global_route outport_pixel_y_o[5] -slack_pre_tdm 43 -slack_post_tdm 38 \
   -from FB1.uB -to {TOP_IO_HT3_FB1_B6} -using TOP_IO_HT3_FB1_B6 -tdm DIRECT

net_attribute -tdm_qualified 0 outport_pixel_r_o[6]
global_route outport_pixel_r_o[6] -slack_pre_tdm 43 -slack_post_tdm 38 \
   -from FB1.uB -to {TOP_IO_HT3_FB1_B6} -using TOP_IO_HT3_FB1_B6 -tdm DIRECT

net_attribute -tdm_qualified 0 outport_pixel_g_o[0]
global_route outport_pixel_g_o[0] -slack_pre_tdm 43 -slack_post_tdm 38 \
   -from FB1.uB -to {TOP_IO_HT3_FB1_B6} -using TOP_IO_HT3_FB1_B6 -tdm DIRECT

net_attribute -tdm_qualified 0 outport_pixel_y_o[14]
global_route outport_pixel_y_o[14] -slack_pre_tdm 43 -slack_post_tdm 38 \
   -from FB1.uB -to {TOP_IO_HT3_FB1_B6} -using TOP_IO_HT3_FB1_B6 -tdm DIRECT

net_attribute -tdm_qualified 0 outport_width_o[7]
global_route outport_width_o[7] -slack_pre_tdm 43 -slack_post_tdm 38 \
   -from FB1.uB -to {TOP_IO_HT3_FB1_B5} -using TOP_IO_HT3_FB1_B5 -tdm DIRECT

net_attribute -tdm_qualified 0 outport_pixel_g_o[1]
global_route outport_pixel_g_o[1] -slack_pre_tdm 43 -slack_post_tdm 38 \
   -from FB1.uB -to {TOP_IO_HT3_FB1_B6} -using TOP_IO_HT3_FB1_B6 -tdm DIRECT

net_attribute -tdm_qualified 0 outport_pixel_y_o[2]
global_route outport_pixel_y_o[2] -slack_pre_tdm 43 -slack_post_tdm 38 \
   -from FB1.uB -to {TOP_IO_HT3_FB1_B6} -using TOP_IO_HT3_FB1_B6 -tdm DIRECT

net_attribute -tdm_qualified 0 outport_pixel_x_o[5]
global_route outport_pixel_x_o[5] -slack_pre_tdm 43 -slack_post_tdm 38 \
   -from FB1.uB -to {TOP_IO_HT3_FB1_B5} -using TOP_IO_HT3_FB1_B5 -tdm DIRECT

net_attribute -tdm_qualified 0 rst_i
global_route rst_i -slack_pre_tdm 43 -slack_post_tdm 36 \
   -from FB1.uA -to {FB1.uB} -using T_FB1.uA_FB1.uB_2 -tdm DIRECT

net_attribute -tdm_qualified 0 outport_pixel_x_o[13]
global_route outport_pixel_x_o[13] -slack_pre_tdm 43 -slack_post_tdm 38 \
   -from FB1.uB -to {TOP_IO_HT3_FB1_B6} -using TOP_IO_HT3_FB1_B6 -tdm DIRECT

net_attribute -tdm_qualified 0 outport_pixel_r_o[4]
global_route outport_pixel_r_o[4] -slack_pre_tdm 43 -slack_post_tdm 38 \
   -from FB1.uB -to {TOP_IO_HT3_FB1_B6} -using TOP_IO_HT3_FB1_B6 -tdm DIRECT

net_attribute -tdm_qualified 0 outport_pixel_x_o[8]
global_route outport_pixel_x_o[8] -slack_pre_tdm 43 -slack_post_tdm 38 \
   -from FB1.uB -to {TOP_IO_HT3_FB1_B6} -using TOP_IO_HT3_FB1_B6 -tdm DIRECT

net_attribute -function GCLK -tdm_qualified 0 -is_clock 1 -feedthrough_allowed 0 clk_i
global_route clk_i -slack_pre_tdm 100000 -slack_post_tdm 100000 \
   -from FB1.PLL1 -to {FB1.uA FB1.uB} -using T_FB1.PLL1_FB1.uA_FB1.uB_1 -tdm DIRECT

net_attribute -tdm_qualified 0 inport_data_i[4]
global_route inport_data_i[4] -slack_pre_tdm 41 -slack_post_tdm 31 \
   -from TOP_IO_HT3_FB1_B7 -to {FB1.uB} -using TOP_IO_HT3_FB1_B7 -tdm DIRECT

net_attribute -tdm_qualified 0 outport_pixel_x_o[10]
global_route outport_pixel_x_o[10] -slack_pre_tdm 43 -slack_post_tdm 38 \
   -from FB1.uB -to {TOP_IO_HT3_FB1_B6} -using TOP_IO_HT3_FB1_B6 -tdm DIRECT


@S4 AP306 |Detailed Routing Information
@N: AP306 |This section contains information only for nets which are assigned to board traces

@S4.1 AP348 |Trace Assignments

assign_trace rst_i FB1.AI2_N[9]
assign_trace inport_accept_o FB1_B5_A[2]
assign_trace outport_valid_o FB1_B5_A[3]
assign_trace outport_width_o[0] FB1_B5_A[4]
assign_trace outport_width_o[1] FB1_B5_A[5]
assign_trace outport_width_o[2] FB1_B5_A[6]
assign_trace outport_width_o[3] FB1_B5_A[7]
assign_trace outport_width_o[4] FB1_B5_A[8]
assign_trace outport_width_o[5] FB1_B5_A[9]
assign_trace outport_width_o[6] FB1_B5_A[10]
assign_trace outport_width_o[7] FB1_B5_A[11]
assign_trace outport_width_o[8] FB1_B5_B[2]
assign_trace outport_width_o[9] FB1_B5_B[3]
assign_trace outport_width_o[10] FB1_B5_B[4]
assign_trace outport_width_o[11] FB1_B5_B[5]
assign_trace outport_width_o[12] FB1_B5_B[6]
assign_trace outport_width_o[13] FB1_B5_B[7]
assign_trace outport_width_o[14] FB1_B5_B[8]
assign_trace outport_width_o[15] FB1_B5_B[9]
assign_trace outport_height_o[0] FB1_B5_B[10]
assign_trace outport_height_o[1] FB1_B5_B[11]
assign_trace outport_height_o[2] FB1_B5_C[2]
assign_trace outport_height_o[3] FB1_B5_C[3]
assign_trace outport_height_o[4] FB1_B5_C[4]
assign_trace outport_height_o[5] FB1_B5_C[5]
assign_trace outport_height_o[6] FB1_B5_C[6]
assign_trace outport_height_o[7] FB1_B5_C[7]
assign_trace outport_height_o[8] FB1_B5_C[8]
assign_trace outport_height_o[9] FB1_B5_C[9]
assign_trace outport_height_o[10] FB1_B5_C[10]
assign_trace outport_height_o[11] FB1_B5_C[11]
assign_trace outport_height_o[12] FB1_B5_D[2]
assign_trace outport_height_o[13] FB1_B5_D[3]
assign_trace outport_height_o[14] FB1_B5_D[4]
assign_trace outport_height_o[15] FB1_B5_D[5]
assign_trace outport_pixel_x_o[0] FB1_B5_D[6]
assign_trace outport_pixel_x_o[1] FB1_B5_D[7]
assign_trace outport_pixel_x_o[2] FB1_B5_D[8]
assign_trace outport_pixel_x_o[3] FB1_B5_D[9]
assign_trace outport_pixel_x_o[4] FB1_B5_D[10]
assign_trace outport_pixel_x_o[5] FB1_B5_D[11]
assign_trace outport_pixel_x_o[6] FB1_B6_A[2]
assign_trace outport_pixel_x_o[7] FB1_B6_A[3]
assign_trace outport_pixel_x_o[8] FB1_B6_A[4]
assign_trace outport_pixel_x_o[9] FB1_B6_A[5]
assign_trace outport_pixel_x_o[10] FB1_B6_A[6]
assign_trace outport_pixel_x_o[11] FB1_B6_A[7]
assign_trace outport_pixel_x_o[12] FB1_B6_A[8]
assign_trace outport_pixel_x_o[13] FB1_B6_A[9]
assign_trace outport_pixel_x_o[14] FB1_B6_A[10]
assign_trace outport_pixel_x_o[15] FB1_B6_A[11]
assign_trace outport_pixel_y_o[0] FB1_B6_B[2]
assign_trace outport_pixel_y_o[1] FB1_B6_B[3]
assign_trace outport_pixel_y_o[2] FB1_B6_B[4]
assign_trace outport_pixel_y_o[3] FB1_B6_B[5]
assign_trace outport_pixel_y_o[4] FB1_B6_B[6]
assign_trace outport_pixel_y_o[5] FB1_B6_B[7]
assign_trace outport_pixel_y_o[6] FB1_B6_B[8]
assign_trace outport_pixel_y_o[7] FB1_B6_B[9]
assign_trace outport_pixel_y_o[8] FB1_B6_B[10]
assign_trace outport_pixel_y_o[9] FB1_B6_B[11]
assign_trace outport_pixel_y_o[10] FB1_B6_C[2]
assign_trace outport_pixel_y_o[11] FB1_B6_C[3]
assign_trace outport_pixel_y_o[12] FB1_B6_C[4]
assign_trace outport_pixel_y_o[13] FB1_B6_C[5]
assign_trace outport_pixel_y_o[14] FB1_B6_C[6]
assign_trace outport_pixel_y_o[15] FB1_B6_C[7]
assign_trace outport_pixel_r_o[0] FB1_B6_C[8]
assign_trace outport_pixel_r_o[1] FB1_B6_C[9]
assign_trace outport_pixel_r_o[2] FB1_B6_C[10]
assign_trace outport_pixel_r_o[3] FB1_B6_C[11]
assign_trace outport_pixel_r_o[4] FB1_B6_D[2]
assign_trace outport_pixel_r_o[5] FB1_B6_D[3]
assign_trace outport_pixel_r_o[6] FB1_B6_D[4]
assign_trace outport_pixel_r_o[7] FB1_B6_D[5]
assign_trace outport_pixel_g_o[0] FB1_B6_D[6]
assign_trace outport_pixel_g_o[1] FB1_B6_D[7]
assign_trace outport_pixel_g_o[2] FB1_B6_D[8]
assign_trace outport_pixel_g_o[3] FB1_B6_D[9]
assign_trace outport_pixel_g_o[4] FB1_B6_D[10]
assign_trace outport_pixel_g_o[5] FB1_B6_D[11]
assign_trace outport_pixel_g_o[6] FB1_B7_A[2]
assign_trace outport_pixel_g_o[7] FB1_B7_A[3]
assign_trace outport_pixel_b_o[0] FB1_B7_A[4]
assign_trace outport_pixel_b_o[1] FB1_B7_A[5]
assign_trace outport_pixel_b_o[2] FB1_B7_A[6]
assign_trace outport_pixel_b_o[3] FB1_B7_A[7]
assign_trace outport_pixel_b_o[4] FB1_B7_A[8]
assign_trace outport_pixel_b_o[5] FB1_B7_A[9]
assign_trace outport_pixel_b_o[6] FB1_B7_A[10]
assign_trace outport_pixel_b_o[7] FB1_B7_A[11]
assign_trace idle_o FB1_B7_B[2]
assign_trace outport_accept_i FB1_B5_A[0]
assign_trace inport_strb_i[3] FB1_B5_A[1]
assign_trace inport_strb_i[1] FB1_B5_A[12]
assign_trace inport_data_i[29] FB1_B5_B[0]
assign_trace inport_data_i[27] FB1_B5_B[1]
assign_trace inport_data_i[22] FB1_B5_C[0]
assign_trace inport_data_i[21] FB1_B5_C[1]
assign_trace inport_data_i[18] FB1_B5_D[0]
assign_trace inport_data_i[16] FB1_B5_D[1]
assign_trace inport_data_i[8] FB1_B5_D[12]
assign_trace inport_data_i[5] FB1_B5_VRN
assign_trace inport_data_i[1] FB1_B5_VRP
assign_trace inport_data_i[30] FB1_B6_A[0]
assign_trace inport_data_i[26] FB1_B6_A[1]
assign_trace inport_data_i[23] FB1_B6_A[12]
assign_trace inport_data_i[20] FB1_B6_B[0]
assign_trace inport_data_i[19] FB1_B6_B[1]
assign_trace inport_data_i[13] FB1_B6_C[0]
assign_trace inport_data_i[11] FB1_B6_C[1]
assign_trace inport_data_i[7] FB1_B6_D[0]
assign_trace inport_valid_i FB1_B7_A[0]
assign_trace inport_strb_i[2] FB1_B7_A[1]
assign_trace inport_strb_i[0] FB1_B7_A[12]
assign_trace inport_last_i FB1_B7_B[0]
assign_trace inport_data_i[31] FB1_B7_B[1]
assign_trace inport_data_i[28] FB1_B7_B[3]
assign_trace inport_data_i[25] FB1_B7_B[4]
assign_trace inport_data_i[24] FB1_B7_B[5]
assign_trace inport_data_i[17] FB1_B7_B[6]
assign_trace inport_data_i[15] FB1_B7_B[7]
assign_trace inport_data_i[14] FB1_B7_B[8]
assign_trace inport_data_i[12] FB1_B7_B[9]
assign_trace inport_data_i[10] FB1_B7_B[10]
assign_trace inport_data_i[9] FB1_B7_B[11]
assign_trace inport_data_i[6] FB1_B7_C[0]
assign_trace inport_data_i[4] FB1_B7_C[1]
assign_trace inport_data_i[3] FB1_B7_C[2]
assign_trace inport_data_i[2] FB1_B7_C[3]
assign_trace inport_data_i[0] FB1_B7_C[4]
assign_trace clk_i GCLK1
